<?xml version="1.0" encoding="UTF-8"?>
<!-- Generated by org.testng.reporters.JUnitReportReporter -->
<testsuite skipped="0" hostname="WKWIN5822883" name="TestCases.TestCaseBookFlight" tests="1" failures="0" timestamp="06 Dec 2018 08:40:23 GMT" time="7.822" errors="0">
  <testcase name="BookFlights" time="7.822" classname="TestCases.TestCaseBookFlight"/>
</testsuite> <!-- TestCases.TestCaseBookFlight -->
