<?xml version="1.0" encoding="UTF-8"?>
<!-- Generated by org.testng.reporters.JUnitReportReporter -->
<testsuite skipped="0" hostname="WKWIN5822883" name="TestCases.TestCaseSelectFlight" tests="2" failures="0" timestamp="06 Dec 2018 08:40:23 GMT" time="9.036" errors="0">
  <testcase name="checkSorting" time="6.471" classname="TestCases.TestCaseSelectFlight"/>
  <testcase name="selectFlight" time="2.565" classname="TestCases.TestCaseSelectFlight"/>
</testsuite> <!-- TestCases.TestCaseSelectFlight -->
